The target system is: Generic - 2.4.0 - xtensa
The host system is: Linux - 5.4.0-56-generic - x86_64
Compiling the C compiler identification source file "CMakeCCompilerId.c" succeeded.
Compiler: /home/alex/.espressif/tools/xtensa-esp32-elf/esp-2020r3-8.4.0/xtensa-esp32-elf/bin/xtensa-esp32-elf-gcc 
Build flags: 
Id flags:  

The output was:
0


Compilation of the C compiler identification source "CMakeCCompilerId.c" produced "a.out"

The C compiler identification is GNU, found in "/home/alex/zephyrproject/zephyr/samples/threads2/build/CMakeFiles/3.18.4/CompilerIdC/a.out"

Compiling the CXX compiler identification source file "CMakeCXXCompilerId.cpp" succeeded.
Compiler: /home/alex/.espressif/tools/xtensa-esp32-elf/esp-2020r3-8.4.0/xtensa-esp32-elf/bin/xtensa-esp32-elf-g++ 
Build flags: 
Id flags:  

The output was:
0


Compilation of the CXX compiler identification source "CMakeCXXCompilerId.cpp" produced "a.out"

The CXX compiler identification is GNU, found in "/home/alex/zephyrproject/zephyr/samples/threads2/build/CMakeFiles/3.18.4/CompilerIdCXX/a.out"

Checking whether the ASM compiler is GNU using "--version" matched "(GNU assembler)|(GCC)|(Free Software Foundation)":
xtensa-esp32-elf-gcc (crosstool-NG esp-2020r3) 8.4.0
Copyright (C) 2018 Free Software Foundation, Inc.
This is free software; see the source for copying conditions.  There is NO
warranty; not even for MERCHANTABILITY or FITNESS FOR A PARTICULAR PURPOSE.

Performing C SOURCE FILE Test check_fmacro_prefix_map__home_alex_zephyrproject_zephyr_samples_threads2_CMAKE_SOURCE_DIR_C__nostartfiles__nostdlib__isystem___home_alex__espressif_tools_xtensa_esp32_elf_esp_2020r3_8_4_0_xtensa_esp32_elf_bin____lib_gcc_xtensa_esp32_elf_8_4_0_include___isystem___home_alex__espressif_tools_xtensa_esp32_elf_esp_2020r3_8_4_0_xtensa_esp32_elf_bin____lib_gcc_xtensa_esp32_elf_8_4_0_include_fixed___Wl___unresolved_symbols_ignore_in_object_files__Wl___entry_0 succeeded with the following output:
Change Dir: /home/alex/zephyrproject/zephyr/samples/threads2/build/CMakeFiles/CMakeTmp

Run Build Command(s):/usr/bin/ninja cmTC_45b67 && [1/2] Building C object CMakeFiles/cmTC_45b67.dir/src.c.obj
[2/2] Linking C executable cmTC_45b67


Source file was:
int main(void) { return 0; }
